#
# There is insufficient memory for the Java Runtime Environment to continue.
# Native memory allocation (mmap) failed to map 123731968 bytes for G1 virtual space
# Possible reasons:
#   The system is out of physical RAM or swap space
#   The process is running with CompressedOops enabled, and the Java Heap may be blocking the growth of the native heap
# Possible solutions:
#   Reduce memory load on the system
#   Increase physical memory or swap space
#   Check if swap backing store is full
#   Decrease Java heap size (-Xmx/-Xms)
#   Decrease number of Java threads
#   Decrease Java thread stack sizes (-Xss)
#   Set larger code cache with -XX:ReservedCodeCacheSize=
#   JVM is running with Unscaled Compressed Oops mode in which the Java heap is
#     placed in the first 4GB address space. The Java Heap base address is the
#     maximum limit for the native heap growth. Please use -XX:HeapBaseMinAddress
#     to set the Java Heap base and to place the Java Heap above 4GB virtual address.
# This output file may be truncated or incomplete.
#
#  Out of Memory Error (os_windows.cpp:3548), pid=37052, tid=20824
#
# JRE version:  (17.0.12+8) (build )
# Java VM: Java HotSpot(TM) 64-Bit Server VM (17.0.12+8-LTS-286, mixed mode, sharing, tiered, compressed oops, compressed class ptrs, g1 gc, windows-amd64)
# No core dump will be written. Minidumps are not enabled by default on client versions of Windows
#

---------------  S U M M A R Y ------------

Command Line: c:\Users\jyoth\.windsurf\extensions\salesforce.salesforce-vscode-slds-2.0.12\lsp-2.0.12-executable.jar --PORT=62496

Host: AMD Ryzen 5 5500U with Radeon Graphics         , 12 cores, 7G,  Windows 11 , 64 bit Build 26100 (10.0.26100.7705)
Time: Wed Mar  4 22:38:53 2026 India Standard Time elapsed time: 3.109971 seconds (0d 0h 0m 3s)

---------------  T H R E A D  ---------------

Current thread (0x000001fc41a35b70):  JavaThread "Unknown thread" [_thread_in_vm, id=20824, stack(0x000000add4600000,0x000000add4700000)]

Stack: [0x000000add4600000,0x000000add4700000]
Native frames: (J=compiled Java code, j=interpreted, Vv=VM code, C=native code)
V  [jvm.dll+0x67a04a]
V  [jvm.dll+0x7da4ed]
V  [jvm.dll+0x7dbe33]
V  [jvm.dll+0x7dc4a3]
V  [jvm.dll+0x24508f]
V  [jvm.dll+0x677089]
V  [jvm.dll+0x66bd32]
V  [jvm.dll+0x301fa6]
V  [jvm.dll+0x309546]
V  [jvm.dll+0x359d2e]
V  [jvm.dll+0x359f5f]
V  [jvm.dll+0x2d9078]
V  [jvm.dll+0x2d9fe4]
V  [jvm.dll+0x7aca21]
V  [jvm.dll+0x367591]
V  [jvm.dll+0x78b999]
V  [jvm.dll+0x3ec83f]
V  [jvm.dll+0x3ee471]
C  [jli.dll+0x5297]
C  [ucrtbase.dll+0x37b0]
C  [KERNEL32.DLL+0x2e8d7]
C  [ntdll.dll+0x8c40c]


---------------  P R O C E S S  ---------------

Threads class SMR info:
_java_thread_list=0x00007fff8d5b7a18, length=0, elements={
}

Java Threads: ( => current thread )

Other Threads:
  0x000001fc41a8d270 GCTaskThread "GC Thread#0" [stack: 0x000000add4700000,0x000000add4800000] [id=34204]
  0x000001fc41a9d920 ConcurrentGCThread "G1 Main Marker" [stack: 0x000000add4800000,0x000000add4900000] [id=21464]
  0x000001fc41aa29d0 ConcurrentGCThread "G1 Conc#0" [stack: 0x000000add4900000,0x000000add4a00000] [id=17732]

[error occurred during error reporting (printing all threads), id 0xc0000005, EXCEPTION_ACCESS_VIOLATION (0xc0000005) at pc=0x00007fff8cde9b67]

VM state: not at safepoint (not fully initialized)

VM Mutex/Monitor currently owned by a thread:  ([mutex/lock_event])
[0x000001fc41a319d0] Heap_lock - owner thread: 0x000001fc41a35b70

Heap address: 0x000000008a400000, size: 1884 MB, Compressed Oops mode: 32-bit

CDS archive(s) mapped at: [0x0000000000000000-0x0000000000000000-0x0000000000000000), size 0, SharedBaseAddress: 0x0000000800000000, ArchiveRelocationMode: 1.
Narrow klass base: 0x0000000000000000, Narrow klass shift: 0, Narrow klass range: 0x0

GC Precious Log:
<Empty>

Heap:
 garbage-first heap   total 0K, used 0K [0x000000008a400000, 0x0000000100000000)
  region size 1024K, 0 young (0K), 0 survivors (0K)

[error occurred during error reporting (printing heap information), id 0xc0000005, EXCEPTION_ACCESS_VIOLATION (0xc0000005) at pc=0x00007fff8d1d3859]

GC Heap History (0 events):
No events

Deoptimization events (0 events):
No events

Classes unloaded (0 events):
No events

Classes redefined (0 events):
No events

Internal exceptions (0 events):
No events

VM Operations (0 events):
No events

Events (1 events):
Event: 1.082 Loaded shared library C:\Program Files\Java\jdk-17.0.12\bin\java.dll


Dynamic libraries:
0x00007ff6f71f0000 - 0x00007ff6f7200000 	C:\Program Files\Java\jdk-17.0.12\bin\java.exe
0x00007ff89e1e0000 - 0x00007ff89e448000 	C:\WINDOWS\SYSTEM32\ntdll.dll
0x00007ff875a40000 - 0x00007ff875a60000 	C:\Program Files\AVG\Antivirus\aswhook.dll
0x00007ff89cbe0000 - 0x00007ff89cca9000 	C:\WINDOWS\System32\KERNEL32.DLL
0x00007ff89ad30000 - 0x00007ff89b121000 	C:\WINDOWS\System32\KERNELBASE.dll
0x00007ff89be30000 - 0x00007ff89bf7b000 	C:\WINDOWS\System32\ucrtbase.dll
0x00007ff882960000 - 0x00007ff882979000 	C:\Program Files\Java\jdk-17.0.12\bin\jli.dll
0x00007ff89df60000 - 0x00007ff89e014000 	C:\WINDOWS\System32\ADVAPI32.dll
0x00007ff8828d0000 - 0x00007ff8828eb000 	C:\Program Files\Java\jdk-17.0.12\bin\VCRUNTIME140.dll
0x00007ff89cd10000 - 0x00007ff89cdb9000 	C:\WINDOWS\System32\msvcrt.dll
0x00007ff89db20000 - 0x00007ff89dbc6000 	C:\WINDOWS\System32\sechost.dll
0x00007ff89dc90000 - 0x00007ff89dda8000 	C:\WINDOWS\System32\RPCRT4.dll
0x00007ff89c220000 - 0x00007ff89c3e6000 	C:\WINDOWS\System32\USER32.dll
0x00007ff89b130000 - 0x00007ff89b157000 	C:\WINDOWS\System32\win32u.dll
0x00007ff89cbb0000 - 0x00007ff89cbdb000 	C:\WINDOWS\System32\GDI32.dll
0x00007ff89aac0000 - 0x00007ff89abeb000 	C:\WINDOWS\System32\gdi32full.dll
0x00007ff89ac80000 - 0x00007ff89ad23000 	C:\WINDOWS\System32\msvcp_win.dll
0x00007ff872de0000 - 0x00007ff873073000 	C:\WINDOWS\WinSxS\amd64_microsoft.windows.common-controls_6595b64144ccf1df_6.0.26100.7824_none_3e0870b2e3345462\COMCTL32.dll
0x00007ff894940000 - 0x00007ff89494b000 	C:\WINDOWS\SYSTEM32\VERSION.dll
0x00007ff89dae0000 - 0x00007ff89db11000 	C:\WINDOWS\System32\IMM32.DLL
0x00007ff895ae0000 - 0x00007ff895aec000 	C:\Program Files\Java\jdk-17.0.12\bin\vcruntime140_1.dll
0x00007ff81e2d0000 - 0x00007ff81e35e000 	C:\Program Files\Java\jdk-17.0.12\bin\msvcp140.dll
0x00007fff8cb00000 - 0x00007fff8d6e0000 	C:\Program Files\Java\jdk-17.0.12\bin\server\jvm.dll
0x00007ff89bf80000 - 0x00007ff89bf88000 	C:\WINDOWS\System32\PSAPI.DLL
0x00007ff895cc0000 - 0x00007ff895cf5000 	C:\WINDOWS\SYSTEM32\WINMM.dll
0x00007ff88b910000 - 0x00007ff88b91a000 	C:\WINDOWS\SYSTEM32\WSOCK32.dll
0x00007ff89c520000 - 0x00007ff89c594000 	C:\WINDOWS\System32\WS2_32.dll
0x00007ff899830000 - 0x00007ff89984b000 	C:\WINDOWS\SYSTEM32\kernel.appcore.dll
0x00007ff892460000 - 0x00007ff89246a000 	C:\Program Files\Java\jdk-17.0.12\bin\jimage.dll
0x00007ff898700000 - 0x00007ff898942000 	C:\WINDOWS\SYSTEM32\DBGHELP.DLL
0x00007ff89d520000 - 0x00007ff89d8a6000 	C:\WINDOWS\System32\combase.dll
0x00007ff89c3f0000 - 0x00007ff89c4c7000 	C:\WINDOWS\System32\OLEAUT32.dll
0x00007ff895c80000 - 0x00007ff895cbb000 	C:\WINDOWS\SYSTEM32\dbgcore.DLL
0x00007ff89b2e0000 - 0x00007ff89b385000 	C:\WINDOWS\System32\bcryptPrimitives.dll
0x00007ff85ccb0000 - 0x00007ff85ccd5000 	C:\Program Files\Java\jdk-17.0.12\bin\java.dll

dbghelp: loaded successfully - version: 4.0.5 - missing functions: none
symbol engine: initialized successfully - sym options: 0x614 - pdb path: .;C:\Program Files\Java\jdk-17.0.12\bin;C:\WINDOWS\SYSTEM32;C:\Program Files\AVG\Antivirus;C:\WINDOWS\WinSxS\amd64_microsoft.windows.common-controls_6595b64144ccf1df_6.0.26100.7824_none_3e0870b2e3345462;C:\Program Files\Java\jdk-17.0.12\bin\server

VM Arguments:
java_command: c:\Users\jyoth\.windsurf\extensions\salesforce.salesforce-vscode-slds-2.0.12\lsp-2.0.12-executable.jar --PORT=62496
java_class_path (initial): c:\Users\jyoth\.windsurf\extensions\salesforce.salesforce-vscode-slds-2.0.12\lsp-2.0.12-executable.jar
Launcher Type: SUN_STANDARD

[Global flags]
     intx CICompilerCount                          = 4                                         {product} {ergonomic}
     uint ConcGCThreads                            = 3                                         {product} {ergonomic}
     uint G1ConcRefinementThreads                  = 10                                        {product} {ergonomic}
   size_t G1HeapRegionSize                         = 1048576                                   {product} {ergonomic}
    uintx GCDrainStackTargetSize                   = 64                                        {product} {ergonomic}
   size_t InitialHeapSize                          = 123731968                                 {product} {ergonomic}
   size_t MarkStackSize                            = 4194304                                   {product} {ergonomic}
   size_t MaxHeapSize                              = 1975517184                                {product} {ergonomic}
   size_t MinHeapDeltaBytes                        = 1048576                                   {product} {ergonomic}
   size_t MinHeapSize                              = 8388608                                   {product} {ergonomic}
    uintx NonNMethodCodeHeapSize                   = 5839372                                {pd product} {ergonomic}
    uintx NonProfiledCodeHeapSize                  = 122909434                              {pd product} {ergonomic}
    uintx ProfiledCodeHeapSize                     = 122909434                              {pd product} {ergonomic}
    uintx ReservedCodeCacheSize                    = 251658240                              {pd product} {ergonomic}
     bool SegmentedCodeCache                       = true                                      {product} {ergonomic}
   size_t SoftMaxHeapSize                          = 1975517184                             {manageable} {ergonomic}
     bool UseCompressedClassPointers               = true                           {product lp64_product} {ergonomic}
     bool UseCompressedOops                        = true                           {product lp64_product} {ergonomic}
     bool UseG1GC                                  = true                                      {product} {ergonomic}
     bool UseLargePagesIndividualAllocation        = false                                  {pd product} {ergonomic}

Logging:
Log output configuration:
 #0: stdout all=warning uptime,level,tags
 #1: stderr all=off uptime,level,tags

Environment Variables:
JAVA_HOME=C:\Program Files\Java\jdk-17.0.12
PATH=C:\oraclexe\app\oracle\product\11.2.0\server\bin;C:\Program Files\Common Files\Oracle\Java\javapath;C:\Program Files (x86)\Common Files\Oracle\Java\java8path;C:\Program Files (x86)\Common Files\Oracle\Java\javapath;C:\oraclexe\app\oracle\product\11.2.0\server\bin;C:\WINDOWS\system32;C:\WINDOWS;C:\WINDOWS\System32\Wbem;C:\WINDOWS\System32\WindowsPowerShell\v1.0\;C:\WINDOWS\System32\OpenSSH\;C:\Program Files\dotnet\;C:\Program Files\MATLAB\R2023b\bin;C:\Program Files\nodejs\;C:\ProgramData\chocolatey\bin;C:\Users\jyoth\Downloads\mongosh-2.5.2-win32-x64\mongosh-2.5.2-win32-x64\bin;C:\Program Files\Java\jdk-17.0.12\bin;C:\Program Files\Java\jdk-17.0.12\bin;C:\Program Files\Git\cmd;C:\Users\jyoth\AppData\Local\Programs\Python\Python314\Scripts\;C:\Users\jyoth\AppData\Local\Programs\Python\Python314\;C:\Users\jyoth\AppData\Local\Programs\Python\Python313\Scripts\;C:\Users\jyoth\AppData\Local\Programs\Python\Python313\;C:\Users\jyoth\AppData\Local\Programs\Python\Python312\Scripts\;C:\Users\jyoth\AppData\Local\Programs\Python\Python312\;C:\Users\jyoth\AppData\Local\Microsoft\WindowsApps;C:\Users\jyoth\AppData\Local\Programs\Microsoft VS Code\bin;C:\Program Files\sf\bin;C:\flutter\bin;C:\Users\jyoth\AppData\Local\Programs\Azure Data Studio\bin;C:\Users\jyoth\AppData\Local\GitHubDesktop\bin;C:\Users\jyoth\AppData\Roaming\npm;C:\Users\jyoth\AppData\Local\Programs\Windsurf\bin
USERNAME=jyoth
OS=Windows_NT
PROCESSOR_IDENTIFIER=AMD64 Family 23 Model 104 Stepping 1, AuthenticAMD



---------------  S Y S T E M  ---------------

OS:
 Windows 11 , 64 bit Build 26100 (10.0.26100.7705)
OS uptime: 2 days 6:19 hours

CPU: total 12 (initial active 12) (12 cores per cpu, 2 threads per core) family 23 model 104 stepping 1 microcode 0x8608109, cx8, cmov, fxsr, ht, mmx, 3dnowpref, sse, sse2, sse3, ssse3, sse4a, sse4.1, sse4.2, popcnt, lzcnt, tsc, tscinvbit, avx, avx2, aes, clmul, bmi1, bmi2, adx, sha, fma, vzeroupper, clflush, clflushopt

Memory: 4k page, system-wide physical 7528M (1020M free)
TotalPageFile size 31080M (AvailPageFile size 120M)
current process WorkingSet (physical memory assigned to process): 12M, peak: 12M
current process commit charge ("private bytes"): 64M, peak: 182M

vm_info: Java HotSpot(TM) 64-Bit Server VM (17.0.12+8-LTS-286) for windows-amd64 JRE (17.0.12+8-LTS-286), built on Jun  5 2024 06:46:59 by "mach5one" with MS VC++ 17.6 (VS2022)

END.
